[08:40:54.938 Verbose] - BuildManager - C:\Program Files\Microsoft Visual Studio\2022\Enterprise\MSBuild\Current\Bin\amd64\Microsoft.Common.CurrentVersion.targets(5096,5): error MSB3027: Could not copy "C:\Users\Tangu\.nuget\packages\mstest.testadapter\2.2.10\build\_common\Microsoft.VisualStudio.TestPlatform.MSTestAdapter.PlatformServices.Interface.dll" to "D:\Tangu\Documents\aaaProgrammeren\Programmeren-Gevorderd-EindEvaluatie\1EindEvaluatie_FitnessReservatieApp\FitnessCentrumApp\.vs\FitnessCentrumApp\v17\lut\22228\b\DomeinTests\Debug\net5.0\Microsoft.VisualStudio.TestPlatform.MSTestAdapter.PlatformServices.Interface.dll". Exceeded retry count of 10. Failed. 
[08:40:54.938 Verbose] - BuildManager - C:\Program Files\Microsoft Visual Studio\2022\Enterprise\MSBuild\Current\Bin\amd64\Microsoft.Common.CurrentVersion.targets(5096,5): error MSB3021: Unable to copy file "C:\Users\Tangu\.nuget\packages\mstest.testadapter\2.2.10\build\_common\Microsoft.VisualStudio.TestPlatform.MSTestAdapter.PlatformServices.Interface.dll" to "D:\Tangu\Documents\aaaProgrammeren\Programmeren-Gevorderd-EindEvaluatie\1EindEvaluatie_FitnessReservatieApp\FitnessCentrumApp\.vs\FitnessCentrumApp\v17\lut\22228\b\DomeinTests\Debug\net5.0\Microsoft.VisualStudio.TestPlatform.MSTestAdapter.PlatformServices.Interface.dll". Could not find a part of the path 'D:\Tangu\Documents\aaaProgrammeren\Programmeren-Gevorderd-EindEvaluatie\1EindEvaluatie_FitnessReservatieApp\FitnessCentrumApp\.vs\FitnessCentrumApp\v17\lut\22228\b\DomeinTests\Debug\net5.0\Microsoft.VisualStudio.TestPlatform.MSTestAdapter.PlatformServices.Interface.dll'.
[08:40:54.943 Verbose] - BuildManager - Some of the file paths defined in the csproj under the Live Unit Testing build path are missing. Verify whether these files should be present under the Live Unit Testing build path and if necessary update the csproj definition to look these files up in a different place.
[08:40:54.943 Verbose] - BuildManager - Item _OutputPathItem 'D:\Tangu\Documents\aaaProgrammeren\Programmeren-Gevorderd-EindEvaluatie\1EindEvaluatie_FitnessReservatieApp\FitnessCentrumApp\.vs\FitnessCentrumApp\v17\lut\22228\b\DomeinTests\Debug\net5.0\' evaluated via:
_OutputPathItem: '$(OutDir)' @ C:\Program Files\Microsoft Visual Studio\2022\Enterprise\MSBuild\Current\Bin\amd64\Microsoft.Common.CurrentVersion.targets:310
  OutDir: '$(OutputPath)' @ C:\Program Files\Microsoft Visual Studio\2022\Enterprise\MSBuild\Current\Bin\amd64\Microsoft.Common.CurrentVersion.targets:228
    OutputPath: '$(OutputPath)$(TargetFramework.ToLowerInvariant())\' @ C:\Program Files\dotnet\sdk\6.0.300\Sdks\Microsoft.NET.Sdk\targets\Microsoft.NET.TargetFrameworkInference.targets:245
      OutputPath: '$(BaseOutputPath)$(Configuration)\' @ C:\Program Files\dotnet\sdk\6.0.300\Sdks\Microsoft.NET.Sdk\targets\Microsoft.NET.DefaultOutputPaths.targets:33
        BaseOutputPath: 'D:\Tangu\Documents\aaaProgrammeren\Programmeren-Gevorderd-EindEvaluatie\1EindEvaluatie_FitnessReservatieApp\FitnessCentrumApp\.vs\FitnessCentrumApp\v17\lut\22228\b\DomeinTests\' @ D:\Tangu\Documents\aaaProgrammeren\Programmeren-Gevorderd-EindEvaluatie\1EindEvaluatie_FitnessReservatieApp\FitnessCentrumApp\DomeinTests\DomeinTests.csproj:0
        Configuration: 'Debug'
[08:40:54.943 Verbose] - BuildManager - Item AppConfigFileDestination 'D:\Tangu\Documents\aaaProgrammeren\Programmeren-Gevorderd-EindEvaluatie\1EindEvaluatie_FitnessReservatieApp\FitnessCentrumApp\.vs\FitnessCentrumApp\v17\lut\22228\b\DomeinTests\Debug\net5.0\DomeinTests.dll.config' evaluated via:
AppConfigFileDestination: '$(OutDir)$(TargetFileName).config' @ C:\Program Files\Microsoft Visual Studio\2022\Enterprise\MSBuild\Current\Bin\amd64\Microsoft.Common.CurrentVersion.targets:339
  OutDir: '$(OutputPath)' @ C:\Program Files\Microsoft Visual Studio\2022\Enterprise\MSBuild\Current\Bin\amd64\Microsoft.Common.CurrentVersion.targets:228
    OutputPath: '$(OutputPath)$(TargetFramework.ToLowerInvariant())\' @ C:\Program Files\dotnet\sdk\6.0.300\Sdks\Microsoft.NET.Sdk\targets\Microsoft.NET.TargetFrameworkInference.targets:245
      OutputPath: '$(BaseOutputPath)$(Configuration)\' @ C:\Program Files\dotnet\sdk\6.0.300\Sdks\Microsoft.NET.Sdk\targets\Microsoft.NET.DefaultOutputPaths.targets:33
        BaseOutputPath: 'D:\Tangu\Documents\aaaProgrammeren\Programmeren-Gevorderd-EindEvaluatie\1EindEvaluatie_FitnessReservatieApp\FitnessCentrumApp\.vs\FitnessCentrumApp\v17\lut\22228\b\DomeinTests\' @ D:\Tangu\Documents\aaaProgrammeren\Programmeren-Gevorderd-EindEvaluatie\1EindEvaluatie_FitnessReservatieApp\FitnessCentrumApp\DomeinTests\DomeinTests.csproj:0
        Configuration: 'Debug'
  TargetFileName: '$(TargetName)$(TargetExt)' @ C:\Program Files\Microsoft Visual Studio\2022\Enterprise\MSBuild\Current\Bin\amd64\Microsoft.Common.CurrentVersion.targets:248
    TargetName: '$(AssemblyName)' @ C:\Program Files\Microsoft Visual Studio\2022\Enterprise\MSBuild\Current\Bin\amd64\Microsoft.Common.CurrentVersion.targets:240
      AssemblyName: '$(MSBuildProjectName)' @ C:\Program Files\dotnet\sdk\6.0.300\Sdks\Microsoft.NET.Sdk\targets\Microsoft.NET.Sdk.props:32
        MSBuildProjectName: 'DomeinTests'
    TargetExt: '.dll' @ C:\Program Files\dotnet\sdk\6.0.300\Sdks\Microsoft.NET.Sdk\targets\Microsoft.NET.Sdk.BeforeCommon.targets:106
[08:40:54.943 Verbose] - BuildManager - Item _DebugSymbolsOutputPath 'D:\Tangu\Documents\aaaProgrammeren\Programmeren-Gevorderd-EindEvaluatie\1EindEvaluatie_FitnessReservatieApp\FitnessCentrumApp\.vs\FitnessCentrumApp\v17\lut\22228\b\DomeinTests\Debug\net5.0\DomeinTests.pdb' evaluated via:
_DebugSymbolsOutputPath: '@(_DebugSymbolsIntermediatePath->'$(OutDir)%(Filename)%(Extension)')' @ C:\Program Files\Microsoft Visual Studio\2022\Enterprise\MSBuild\Current\Bin\amd64\Microsoft.Common.CurrentVersion.targets:406
  OutDir: '$(OutputPath)' @ C:\Program Files\Microsoft Visual Studio\2022\Enterprise\MSBuild\Current\Bin\amd64\Microsoft.Common.CurrentVersion.targets:228
    OutputPath: '$(OutputPath)$(TargetFramework.ToLowerInvariant())\' @ C:\Program Files\dotnet\sdk\6.0.300\Sdks\Microsoft.NET.Sdk\targets\Microsoft.NET.TargetFrameworkInference.targets:245
      OutputPath: '$(BaseOutputPath)$(Configuration)\' @ C:\Program Files\dotnet\sdk\6.0.300\Sdks\Microsoft.NET.Sdk\targets\Microsoft.NET.DefaultOutputPaths.targets:33
        BaseOutputPath: 'D:\Tangu\Documents\aaaProgrammeren\Programmeren-Gevorderd-EindEvaluatie\1EindEvaluatie_FitnessReservatieApp\FitnessCentrumApp\.vs\FitnessCentrumApp\v17\lut\22228\b\DomeinTests\' @ D:\Tangu\Documents\aaaProgrammeren\Programmeren-Gevorderd-EindEvaluatie\1EindEvaluatie_FitnessReservatieApp\FitnessCentrumApp\DomeinTests\DomeinTests.csproj:0
        Configuration: 'Debug'
[08:40:54.943 Verbose] - BuildManager - Item _ApplicationManifestFinal 'D:\Tangu\Documents\aaaProgrammeren\Programmeren-Gevorderd-EindEvaluatie\1EindEvaluatie_FitnessReservatieApp\FitnessCentrumApp\.vs\FitnessCentrumApp\v17\lut\22228\b\DomeinTests\Debug\net5.0\Native.DomeinTests.manifest' evaluated via:
_ApplicationManifestFinal: '$(OutDir)$(_DeploymentTargetApplicationManifestFileName)' @ C:\Program Files\Microsoft Visual Studio\2022\Enterprise\MSBuild\Current\Bin\amd64\Microsoft.Common.CurrentVersion.targets:444
  OutDir: '$(OutputPath)' @ C:\Program Files\Microsoft Visual Studio\2022\Enterprise\MSBuild\Current\Bin\amd64\Microsoft.Common.CurrentVersion.targets:228
    OutputPath: '$(OutputPath)$(TargetFramework.ToLowerInvariant())\' @ C:\Program Files\dotnet\sdk\6.0.300\Sdks\Microsoft.NET.Sdk\targets\Microsoft.NET.TargetFrameworkInference.targets:245
      OutputPath: '$(BaseOutputPath)$(Configuration)\' @ C:\Program Files\dotnet\sdk\6.0.300\Sdks\Microsoft.NET.Sdk\targets\Microsoft.NET.DefaultOutputPaths.targets:33
        BaseOutputPath: 'D:\Tangu\Documents\aaaProgrammeren\Programmeren-Gevorderd-EindEvaluatie\1EindEvaluatie_FitnessReservatieApp\FitnessCentrumApp\.vs\FitnessCentrumApp\v17\lut\22228\b\DomeinTests\' @ D:\Tangu\Documents\aaaProgrammeren\Programmeren-Gevorderd-EindEvaluatie\1EindEvaluatie_FitnessReservatieApp\FitnessCentrumApp\DomeinTests\DomeinTests.csproj:0
        Configuration: 'Debug'
  _DeploymentTargetApplicationManifestFileName: 'Native.$(AssemblyName).manifest' @ C:\Program Files\Microsoft Visual Studio\2022\Enterprise\MSBuild\Current\Bin\amd64\Microsoft.Common.CurrentVersion.targets:264
    AssemblyName: '$(MSBuildProjectName)' @ C:\Program Files\dotnet\sdk\6.0.300\Sdks\Microsoft.NET.Sdk\targets\Microsoft.NET.Sdk.props:32
      MSBuildProjectName: 'DomeinTests'
